<?xml version="1.0" encoding="UTF-8"?>
<!-- Generated by org.testng.reporters.JUnitReportReporter -->
<testsuite hostname="0fa185ebef96" failures="0" tests="9" name="com.rperezv365.tests.vendorportal.VendorPortalTest" time="8.815" errors="0" timestamp="2025-07-07T16:58:10 GMT" skipped="0">
  <testcase classname="com.rperezv365.tests.vendorportal.VendorPortalTest" name="loginTest" time="0.491"/>
  <testcase classname="com.rperezv365.tests.vendorportal.VendorPortalTest" name="loginTest" time="0.487"/>
  <testcase classname="com.rperezv365.tests.vendorportal.VendorPortalTest" name="loginTest" time="0.491"/>
  <testcase classname="com.rperezv365.tests.vendorportal.VendorPortalTest" name="dashboardTest" time="1.685"/>
  <testcase classname="com.rperezv365.tests.vendorportal.VendorPortalTest" name="dashboardTest" time="0.811"/>
  <testcase classname="com.rperezv365.tests.vendorportal.VendorPortalTest" name="logoutTest" time="1.219"/>
  <testcase classname="com.rperezv365.tests.vendorportal.VendorPortalTest" name="dashboardTest" time="1.197"/>
  <testcase classname="com.rperezv365.tests.vendorportal.VendorPortalTest" name="logoutTest" time="1.211"/>
  <testcase classname="com.rperezv365.tests.vendorportal.VendorPortalTest" name="logoutTest" time="1.223"/>
</testsuite> <!-- com.rperezv365.tests.vendorportal.VendorPortalTest -->
